<?xml version="1.0" encoding="UTF-8"?>
<!-- Generated by org.testng.reporters.JUnitXMLReporter -->
<testsuite ignored="0" hostname="PriyankasOwnMBP.fios-router.home" failures="1" tests="1" name="Command line test" time="3.807" errors="0" timestamp="2022-06-11T12:57:48 EDT">
  <testcase classname="com.priyankatest.AmazonTest" name="@AfterClass tearDown" time="0.0">
    <failure type="java.lang.NullPointerException" message="Cannot invoke &amp;quot;org.openqa.selenium.WebDriver.quit()&amp;quot; because &amp;quot;com.priyankatest.AmazonTest.driver&amp;quot; is null">
      <![CDATA[java.lang.NullPointerException: Cannot invoke "org.openqa.selenium.WebDriver.quit()" because "com.priyankatest.AmazonTest.driver" is null
at com.priyankatest.AmazonTest.tearDown(AmazonTest.java:31)
at java.base/java.util.ArrayList.forEach(ArrayList.java:1511)
... Removed 30 stack frames]]>
    </failure>
  </testcase> <!-- @AfterClass tearDown -->
  <testcase classname="com.priyankatest.AmazonTest" name="checkSamsungTV" time="0.001">
    <failure type="java.lang.NullPointerException" message="Cannot invoke &amp;quot;org.openqa.selenium.WebDriver.findElement(org.openqa.selenium.By)&amp;quot; because &amp;quot;com.priyankatest.AmazonTest.driver&amp;quot; is null">
      <![CDATA[java.lang.NullPointerException: Cannot invoke "org.openqa.selenium.WebDriver.findElement(org.openqa.selenium.By)" because "com.priyankatest.AmazonTest.driver" is null
at com.priyankatest.AmazonTest.checkSamsungTV(AmazonTest.java:26)
at java.base/java.util.ArrayList.forEach(ArrayList.java:1511)
... Removed 32 stack frames]]>
    </failure>
  </testcase> <!-- checkSamsungTV -->
</testsuite> <!-- Command line test -->
